Arguments: 
  C:\Program Files\nodejs\node.exe C:\Program Files (x86)\Yarn\bin\yarn.js

PATH: 
  C:\Users\sachi\AppData\Local\Programs\Python\Python39\;C:\Users\sachi\AppData\Local\Programs\Python\Python39\Scripts\;C:\Python27\;C:\Python27\Scripts;C:\WINDOWS\system32;C:\WINDOWS;C:\WINDOWS\System32\Wbem;C:\WINDOWS\System32\WindowsPowerShell\v1.0\;C:\WINDOWS\System32\OpenSSH\;C:\ProgramData\chocolatey\bin;C:\Program Files\nodejs\;C:\Program Files\OpenJDK\openjdk-8u262-b10\bin;C:\Program Files\Git\cmd;C:\Program Files (x86)\Yarn\bin\;C:\Users\sachi\AppData\Local\Programs\Python\Python39\Scripts\;C:\Users\sachi\AppData\Local\Programs\Python\Python39\;C:\Program Files\MySQL\MySQL Shell 8.0\bin\;C:\Users\sachi\AppData\Local\Microsoft\WindowsApps;C:\Users\sachi\AppData\Roaming\npm;C:\Users\sachi\AppData\Local\Android\Sdk\platform-tools;;C:\Users\sachi\AppData\Local\Programs\Microsoft VS Code\bin;C:\Users\sachi\AppData\Local\Yarn\bin

Yarn version: 
  1.22.5

Node version: 
  14.8.0

Platform: 
  win32 x64

Trace: 
  Error: getaddrinfo EAI_AGAIN registry.yarnpkg.com
      at GetAddrInfoReqWrap.onlookup [as oncomplete] (dns.js:66:26)

npm manifest: 
  {
    "name": "pwa-conf-app",
    "version": "1.0.0",
    "description": "This is a PWA tutorial app. You can find the tutorial on the [Vaadin website](https://vaadin.com/progressive-web-applications).",
    "main": "sw.js",
    "scripts": {
      "webpack": "webpack",
      "webpack-dev-server": "webpack-dev-server --history-api-fallback",
      "prod": "npm run webpack -- --env.mode production --env.presets serviceworker",
      "dev": "npm run webpack-dev-server -- --env.mode development",
      "dev:sw": "npm run webpack-dev-server -- --env.mode development  --env.presets serviceworker"
    },
    "repository": {
      "type": "git",
      "url": "git+https://github.com/vaadin-learning-center/lit-element-tutorial-00-starter.git"
    },
    "keywords": [],
    "author": "Marcus Hellberg <marcus@vaadin.com>",
    "license": "Apache-2.0",
    "bugs": {
      "url": "https://github.com/vaadin-learning-center/lit-element-tutorial-00-starter/issues"
    },
    "homepage": "https://github.com/vaadin-learning-center/lit-element-tutorial-00-starter#readme",
    "devDependencies": {
      "@babel/core": "^7.1.5",
      "@babel/plugin-syntax-dynamic-import": "^7.0.0",
      "@babel/preset-env": "^7.1.5",
      "babel-loader": "^8.0.4",
      "babel-preset-minify": "^0.5.0",
      "clean-webpack-plugin": "^0.1.19",
      "copy-webpack-plugin": "^4.5.2",
      "css-loader": "^1.0.0",
      "html-webpack-plugin": "^3.2.0",
      "mini-css-extract-plugin": "^0.4.1",
      "style-loader": "^0.21.0",
      "webpack": "^4.23.1",
      "webpack-cli": "^3.0.8",
      "webpack-dev-server": "^3.1.4",
      "webpack-merge": "^4.1.3",
      "workbox-webpack-plugin": "^3.3.1"
    },
    "dependencies": {
      "@polymer/lit-element": "^0.7.1",
      "@webcomponents/webcomponentsjs": "^2.1.3",
      "nanoid": "^3.1.20",
      "pwa-helpers": "^0.9.1",
      "redux": "^4.0.5",
      "reselect": "^4.0.0"
    }
  }

yarn manifest: 
  No manifest

Lockfile: 
  No lockfile
